<?xml version="1.0" encoding="UTF-8"?>
<testng-results skipped="0" failed="0" total="1" passed="1">
  <reporter-output>
  </reporter-output>
  <suite name="Default suite" duration-ms="11229" started-at="2019-03-14T07:01:09Z" finished-at="2019-03-14T07:01:20Z">
    <groups>
    </groups>
    <test name="Default test" duration-ms="11229" started-at="2019-03-14T07:01:09Z" finished-at="2019-03-14T07:01:20Z">
      <class name="gitted.baidu">
        <test-method status="PASS" signature="openfirefox()[pri:0, instance:gitted.baidu@31b7dea0]" name="openfirefox" duration-ms="11194" started-at="2019-03-14T15:01:09Z" finished-at="2019-03-14T15:01:20Z">
          <reporter-output>
          </reporter-output>
        </test-method> <!-- openfirefox -->
      </class> <!-- gitted.baidu -->
    </test> <!-- Default test -->
  </suite> <!-- Default suite -->
</testng-results>
