<?xml version="1.0" encoding="UTF-8"?>
<testng-results skipped="0" failed="0" total="1" passed="1">
  <reporter-output>
  </reporter-output>
  <suite name="Suite" duration-ms="9166" started-at="2019-03-14T07:05:03Z" finished-at="2019-03-14T07:05:13Z">
    <groups>
    </groups>
    <test name="Test" duration-ms="9166" started-at="2019-03-14T07:05:03Z" finished-at="2019-03-14T07:05:13Z">
      <class name="gitted.baidu">
        <test-method status="PASS" signature="openfirefox()[pri:0, instance:gitted.baidu@449b2d27]" name="openfirefox" duration-ms="9150" started-at="2019-03-14T15:05:03Z" finished-at="2019-03-14T15:05:13Z">
          <reporter-output>
          </reporter-output>
        </test-method> <!-- openfirefox -->
      </class> <!-- gitted.baidu -->
    </test> <!-- Test -->
  </suite> <!-- Suite -->
</testng-results>
